<?xml version="1.0" encoding="UTF-8"?>
<!-- Generated by org.testng.reporters.JUnitReportReporter -->
<testsuite hostname="Madhumeeta-Lals-iMac.local" name="ABC.NoPOMTest99GuruLogin" tests="1" failures="0" timestamp="30 Jul 2015 06:56:43 GMT" time="57.804" errors="0">
  <testcase name="Home_Page_Appear_Correct" time="57.804" classname="ABC.NoPOMTest99GuruLogin"/>
</testsuite> <!-- ABC.NoPOMTest99GuruLogin -->
