<?xml version="1.0" encoding="UTF-8"?>
<!-- Generated by org.testng.reporters.JUnitReportReporter -->
<testsuite hostname="Madhumeeta-Lals-iMac.local" name="ABC.NewTest1" tests="3" failures="0" timestamp="3 Jul 2015 10:55:26 GMT" time="0.011" errors="0">
  <testcase name="logout" time="0.001" classname="ABC.NewTest1"/>
  <testcase name="create" time="0.001" classname="ABC.NewTest1"/>
  <testcase name="login" time="0.009" classname="ABC.NewTest1"/>
</testsuite> <!-- ABC.NewTest1 -->
