<?xml version="1.0" encoding="UTF-8"?>
<!-- Generated by org.testng.reporters.JUnitReportReporter -->
<testsuite hostname="Madhumeeta-Lals-iMac.local" name="com.guru99.testNGclasses.Test_LoginPage" tests="1" failures="0" timestamp="7 Aug 2015 11:19:09 GMT" time="38.728" errors="0">
  <testcase name="test_LoginPage_VerifyLogin" time="38.728" classname="com.guru99.testNGclasses.Test_LoginPage"/>
</testsuite> <!-- com.guru99.testNGclasses.Test_LoginPage -->
