<?xml version="1.0" encoding="UTF-8"?>
<!-- Generated by org.testng.reporters.JUnitReportReporter -->
<testsuite hostname="Madhumeeta-Lals-iMac.local" name="com.guru99.testNGclasses.Test_LoginPage_SuccessfulLogin" tests="1" failures="0" timestamp="28 Jul 2015 10:52:03 GMT" time="916.860" errors="0">
  <testcase name="test_LoginPage_SuccessfulLogin" time="916.860" classname="com.guru99.testNGclasses.Test_LoginPage_SuccessfulLogin"/>
</testsuite> <!-- com.guru99.testNGclasses.Test_LoginPage_SuccessfulLogin -->
