<?xml version="1.0" encoding="UTF-8"?>
<!-- Generated by org.testng.reporters.JUnitReportReporter -->
<testsuite hostname="Madhumeeta-Lals-iMac.local" name="com.guru99.POMclasses.AcodeTrialclass" tests="1" failures="0" timestamp="28 Jul 2015 07:03:27 GMT" time="3.012" errors="0">
  <testcase name="Home_Page_Appear_Correct" time="3.012" classname="com.guru99.POMclasses.AcodeTrialclass"/>
</testsuite> <!-- com.guru99.POMclasses.AcodeTrialclass -->
